<?xml version="1.0" encoding="UTF-8"?>
<!-- Generated by org.testng.reporters.JUnitXMLReporter -->
<testsuite ignored="0" hostname="L505613" failures="0" tests="4" name="Sum test" time="0.029" errors="0" timestamp="25 Apr 2020 10:39:09 GMT">
  <testcase classname="TestNGTest.TestNGTestClass" name="Test2" time="0.004"/>
  <testcase classname="TestNGTest.TestNGTestClass" name="Test3" time="0.001"/>
  <testcase classname="TestNGTest.TestNGTestClass" name="Test4" time="0.001"/>
  <testcase classname="TestNGTest.TestNGTestClass" name="sum" time="0.001"/>
</testsuite> <!-- Sum test -->
