<?xml version="1.0" encoding="UTF-8"?>
<testng-results ignored="0" total="2" passed="2" failed="0" skipped="0">
  <reporter-output>
    <line>
      <![CDATA[REPORT===The message for before class]]>
    </line>
  </reporter-output>
  <suite started-at="2020-04-29T13:55:47Z" name="Default suite" finished-at="2020-04-29T13:55:47Z" duration-ms="27">
    <groups>
    </groups>
    <test started-at="2020-04-29T13:55:47Z" name="Default test" finished-at="2020-04-29T13:55:47Z" duration-ms="27">
      <class name="TestNGTest.ListesnerTestclass">
        <test-method is-config="true" signature="beforeclass()[pri:0, instance:TestNGTest.ListesnerTestclass@bae7dc0]" started-at="2020-04-29T13:55:47Z" name="beforeclass" finished-at="2020-04-29T13:55:47Z" duration-ms="6" status="PASS">
          <reporter-output>
            <line>
              <![CDATA[REPORT===The message for before class]]>
            </line>
          </reporter-output>
        </test-method> <!-- beforeclass -->
        <test-method signature="resultMethod2()[pri:0, instance:TestNGTest.ListesnerTestclass@bae7dc0]" started-at="2020-04-29T13:55:47Z" name="resultMethod2" finished-at="2020-04-29T13:55:47Z" duration-ms="5" status="PASS">
          <reporter-output>
          </reporter-output>
        </test-method> <!-- resultMethod2 -->
        <test-method signature="sumMethod1()[pri:0, instance:TestNGTest.ListesnerTestclass@bae7dc0]" started-at="2020-04-29T13:55:47Z" name="sumMethod1" finished-at="2020-04-29T13:55:47Z" duration-ms="1" status="PASS">
          <reporter-output>
          </reporter-output>
        </test-method> <!-- sumMethod1 -->
        <test-method is-config="true" signature="afterclass()[pri:0, instance:TestNGTest.ListesnerTestclass@bae7dc0]" started-at="2020-04-29T13:55:47Z" name="afterclass" finished-at="2020-04-29T13:55:47Z" duration-ms="0" status="PASS">
          <reporter-output>
          </reporter-output>
        </test-method> <!-- afterclass -->
      </class> <!-- TestNGTest.ListesnerTestclass -->
    </test> <!-- Default test -->
  </suite> <!-- Default suite -->
</testng-results>
